2016-03-05 14:18:25,883 [main] (DatabaseConnection.java:66) DEBUG org.nlavee.skidmore.webapps.database.backends.DatabaseConnection  - Database connection configured for URL (jdbc:mysql://localhost:3306/magmirr) and userId (magmirr_web)
2016-03-05 14:18:25,907 [main] (DatabaseConnection.java:102) DEBUG org.nlavee.skidmore.webapps.database.backends.DatabaseConnection  - Setup a prepared statement for: select now()
2016-03-05 14:18:26,439 [main] (DatabaseConnection.java:139) DEBUG org.nlavee.skidmore.webapps.database.backends.DatabaseConnection  - Run a query: com.mysql.jdbc.ServerPreparedStatement[1] - select now()
2016-03-05 14:18:26,442 [main] (DatabaseConnection.java:102) DEBUG org.nlavee.skidmore.webapps.database.backends.DatabaseConnection  - Setup a prepared statement for: select first_name from user where username = ?
2016-03-05 14:18:26,485 [main] (DatabaseConnection.java:139) DEBUG org.nlavee.skidmore.webapps.database.backends.DatabaseConnection  - Run a query: com.mysql.jdbc.ServerPreparedStatement[1] - select first_name from user where username = 'test_nujabes'
2016-03-05 14:24:33,296 [main] (DatabaseConnection.java:66) DEBUG org.nlavee.skidmore.webapps.database.backends.DatabaseConnection  - Database connection configured for URL (jdbc:mysql://localhost:3306/magmirr) and userId (magmirr_web)
2016-03-05 14:24:33,302 [main] (DatabaseConnection.java:102) DEBUG org.nlavee.skidmore.webapps.database.backends.DatabaseConnection  - Setup a prepared statement for: select now()
2016-03-05 14:24:33,610 [main] (DatabaseConnection.java:139) DEBUG org.nlavee.skidmore.webapps.database.backends.DatabaseConnection  - Run a query: com.mysql.jdbc.ServerPreparedStatement[1] - select now()
2016-03-05 14:24:33,612 [main] (DatabaseConnection.java:102) DEBUG org.nlavee.skidmore.webapps.database.backends.DatabaseConnection  - Setup a prepared statement for: select first_name from user where username = ?
2016-03-05 14:24:33,664 [main] (DatabaseConnection.java:139) DEBUG org.nlavee.skidmore.webapps.database.backends.DatabaseConnection  - Run a query: com.mysql.jdbc.ServerPreparedStatement[1] - select first_name from user where username = 'test_nujabes'
2016-03-05 14:24:33,667 [main] (DatabaseConnection.java:66) DEBUG org.nlavee.skidmore.webapps.database.backends.DatabaseConnection  - Database connection configured for URL (jdbc:mysql://localhost:3306/magmirr) and userId (magmirr_web)
2016-03-05 14:24:33,668 [main] (DatabaseConnection.java:102) DEBUG org.nlavee.skidmore.webapps.database.backends.DatabaseConnection  - Setup a prepared statement for: select now()
2016-03-05 14:24:33,703 [main] (DatabaseConnection.java:139) DEBUG org.nlavee.skidmore.webapps.database.backends.DatabaseConnection  - Run a query: com.mysql.jdbc.ServerPreparedStatement[1] - select now()
2016-03-05 14:24:33,705 [main] (DatabaseConnection.java:102) DEBUG org.nlavee.skidmore.webapps.database.backends.DatabaseConnection  - Setup a prepared statement for: select password_id from user where username = ?
2016-03-05 14:24:33,756 [main] (DatabaseConnection.java:139) DEBUG org.nlavee.skidmore.webapps.database.backends.DatabaseConnection  - Run a query: com.mysql.jdbc.ServerPreparedStatement[1] - select password_id from user where username = 'test_nujabes'
2016-03-05 14:24:33,757 [main] (DatabaseConnection.java:66) DEBUG org.nlavee.skidmore.webapps.database.backends.DatabaseConnection  - Database connection configured for URL (jdbc:mysql://localhost:3306/magmirr) and userId (magmirr_web)
2016-03-05 14:24:33,758 [main] (DatabaseConnection.java:102) DEBUG org.nlavee.skidmore.webapps.database.backends.DatabaseConnection  - Setup a prepared statement for: select now()
2016-03-05 14:24:33,785 [main] (DatabaseConnection.java:139) DEBUG org.nlavee.skidmore.webapps.database.backends.DatabaseConnection  - Run a query: com.mysql.jdbc.ServerPreparedStatement[1] - select now()
2016-03-05 14:24:33,786 [main] (DatabaseConnection.java:102) DEBUG org.nlavee.skidmore.webapps.database.backends.DatabaseConnection  - Setup a prepared statement for: select pw_hash, salt from password where id = ?
2016-03-05 14:24:33,865 [main] (DatabaseConnection.java:139) DEBUG org.nlavee.skidmore.webapps.database.backends.DatabaseConnection  - Run a query: com.mysql.jdbc.ServerPreparedStatement[1] - select pw_hash, salt from password where id = 1
2016-03-05 14:24:33,867 [main] (PasswordUtils.java:54) INFO  org.nlavee.skidmore.webapps.web.utils.PasswordUtils  - Checking the two Password object
2016-03-05 14:24:43,612 [main] (DatabaseConnection.java:66) DEBUG org.nlavee.skidmore.webapps.database.backends.DatabaseConnection  - Database connection configured for URL (jdbc:mysql://localhost:3306/magmirr) and userId (magmirr_web)
2016-03-05 14:24:43,622 [main] (DatabaseConnection.java:102) DEBUG org.nlavee.skidmore.webapps.database.backends.DatabaseConnection  - Setup a prepared statement for: select now()
2016-03-05 14:24:44,020 [main] (DatabaseConnection.java:139) DEBUG org.nlavee.skidmore.webapps.database.backends.DatabaseConnection  - Run a query: com.mysql.jdbc.ServerPreparedStatement[1] - select now()
2016-03-05 14:24:44,022 [main] (DatabaseConnection.java:102) DEBUG org.nlavee.skidmore.webapps.database.backends.DatabaseConnection  - Setup a prepared statement for: select first_name from user where username = ?
2016-03-05 14:24:44,067 [main] (DatabaseConnection.java:139) DEBUG org.nlavee.skidmore.webapps.database.backends.DatabaseConnection  - Run a query: com.mysql.jdbc.ServerPreparedStatement[1] - select first_name from user where username = 'test_nujabes'
2016-03-05 14:24:44,069 [main] (DatabaseConnection.java:66) DEBUG org.nlavee.skidmore.webapps.database.backends.DatabaseConnection  - Database connection configured for URL (jdbc:mysql://localhost:3306/magmirr) and userId (magmirr_web)
2016-03-05 14:24:44,070 [main] (DatabaseConnection.java:102) DEBUG org.nlavee.skidmore.webapps.database.backends.DatabaseConnection  - Setup a prepared statement for: select now()
2016-03-05 14:24:44,104 [main] (DatabaseConnection.java:139) DEBUG org.nlavee.skidmore.webapps.database.backends.DatabaseConnection  - Run a query: com.mysql.jdbc.ServerPreparedStatement[1] - select now()
2016-03-05 14:24:44,105 [main] (DatabaseConnection.java:102) DEBUG org.nlavee.skidmore.webapps.database.backends.DatabaseConnection  - Setup a prepared statement for: select password_id from user where username = ?
2016-03-05 14:24:44,158 [main] (DatabaseConnection.java:139) DEBUG org.nlavee.skidmore.webapps.database.backends.DatabaseConnection  - Run a query: com.mysql.jdbc.ServerPreparedStatement[1] - select password_id from user where username = 'test_nujabes'
2016-03-05 14:24:44,164 [main] (DatabaseConnection.java:66) DEBUG org.nlavee.skidmore.webapps.database.backends.DatabaseConnection  - Database connection configured for URL (jdbc:mysql://localhost:3306/magmirr) and userId (magmirr_web)
2016-03-05 14:24:44,165 [main] (DatabaseConnection.java:102) DEBUG org.nlavee.skidmore.webapps.database.backends.DatabaseConnection  - Setup a prepared statement for: select now()
2016-03-05 14:24:44,196 [main] (DatabaseConnection.java:139) DEBUG org.nlavee.skidmore.webapps.database.backends.DatabaseConnection  - Run a query: com.mysql.jdbc.ServerPreparedStatement[1] - select now()
2016-03-05 14:24:44,197 [main] (DatabaseConnection.java:102) DEBUG org.nlavee.skidmore.webapps.database.backends.DatabaseConnection  - Setup a prepared statement for: select pw_hash, salt from password where id = ?
2016-03-05 14:24:44,237 [main] (DatabaseConnection.java:139) DEBUG org.nlavee.skidmore.webapps.database.backends.DatabaseConnection  - Run a query: com.mysql.jdbc.ServerPreparedStatement[1] - select pw_hash, salt from password where id = 1
2016-03-05 14:24:44,239 [main] (PasswordUtils.java:54) INFO  org.nlavee.skidmore.webapps.web.utils.PasswordUtils  - Checking the two Password object
